<?xml version="1.0" encoding="UTF-8"?>
<!-- Generated by org.testng.reporters.JUnitReportReporter -->
<testsuite skipped="0" hostname="DESKTOP-JOA7LGN" name="com.vhm.qa.testcases.UserAccountTest" tests="2" failures="0" timestamp="25 Nov 2020 11:00:06 GMT" time="61.199" errors="0">
  <testcase name="OpenEditProfile" time="25.680" classname="com.vhm.qa.testcases.UserAccountTest"/>
  <testcase name="EditProfile" time="35.519" classname="com.vhm.qa.testcases.UserAccountTest"/>
</testsuite> <!-- com.vhm.qa.testcases.UserAccountTest -->
